Build started 4/24/2015 11:05:24 AM.
     1>Project "D:\Elte_2\Grafika\Gyak\Beadandok\nagybead\02_LoadMesh\02_LoadMesh.vcxproj" on node 2 (Build target(s)).
     1>ClCompile:
         C:\Program Files\Microsoft Visual Studio 12.0\VC\bin\CL.exe /c /ZI /nologo /W3 /WX- /Od /Oy- /D WIN32 /D _DEBUG /D _CONSOLE /D _UNICODE /D UNICODE /Gm /EHsc /RTC1 /MDd /GS /fp:precise /Zc:wchar_t /Zc:forScope /Fo"Debug\\" /Fd"Debug\vc120.pdb" /Gd /TP /analyze- /errorReport:prompt TransformationManager.cpp
         TransformationManager.cpp
     1>d:\elte_2\grafika\gyak\beadandok\nagybead\02_loadmesh\transformationmanager.h(52): warning C4244: 'argument' : conversion from 'double' to 'float', possible loss of data
     1>d:\elte_2\grafika\gyak\beadandok\nagybead\02_loadmesh\transformationmanager.cpp(29): warning C4244: 'argument' : conversion from 'int' to 'float', possible loss of data
     1>d:\elte_2\grafika\gyak\beadandok\nagybead\02_loadmesh\transformationmanager.cpp(36): warning C4244: 'argument' : conversion from 'int' to 'float', possible loss of data
     1>d:\elte_2\grafika\gyak\beadandok\nagybead\02_loadmesh\transformationmanager.cpp(62): warning C4244: 'argument' : conversion from 'int' to 'float', possible loss of data
     1>d:\elte_2\grafika\gyak\beadandok\nagybead\02_loadmesh\transformationmanager.cpp(62): warning C4244: 'argument' : conversion from 'const int' to 'float', possible loss of data
     1>d:\elte_2\grafika\gyak\beadandok\nagybead\02_loadmesh\transformationmanager.cpp(71): warning C4244: 'argument' : conversion from 'int' to 'float', possible loss of data
     1>d:\elte_2\grafika\gyak\beadandok\nagybead\02_loadmesh\transformationmanager.cpp(71): warning C4244: 'argument' : conversion from 'const int' to 'float', possible loss of data
     1>d:\elte_2\grafika\gyak\beadandok\nagybead\02_loadmesh\transformationmanager.cpp(92): warning C4244: 'argument' : conversion from 'int' to 'float', possible loss of data
     1>d:\elte_2\grafika\gyak\beadandok\nagybead\02_loadmesh\transformationmanager.cpp(93): warning C4244: 'argument' : conversion from 'const int' to 'float', possible loss of data
     1>d:\elte_2\grafika\gyak\beadandok\nagybead\02_loadmesh\transformationmanager.cpp(122): warning C4244: 'argument' : conversion from 'int' to 'float', possible loss of data
     1>d:\elte_2\grafika\gyak\beadandok\nagybead\02_loadmesh\transformationmanager.cpp(101): warning C4715: 'TransformationManager::getRoomTransformation' : not all control paths return a value
     1>d:\elte_2\grafika\gyak\beadandok\nagybead\02_loadmesh\transformationmanager.cpp(117): warning C4715: 'TransformationManager::getWallTransformation' : not all control paths return a value
       Link:
         C:\Program Files\Microsoft Visual Studio 12.0\VC\bin\link.exe /ERRORREPORT:PROMPT /OUT:"D:\Elte_2\Grafika\Gyak\Beadandok\nagybead\Debug\02_LoadMesh.exe" /INCREMENTAL /NOLOGO SDL2.lib SDL2main.lib SDL2_image.lib glew32.lib glu32.lib opengl32.lib kernel32.lib user32.lib gdi32.lib winspool.lib comdlg32.lib advapi32.lib shell32.lib ole32.lib oleaut32.lib uuid.lib odbc32.lib odbccp32.lib /MANIFEST /MANIFESTUAC:"level='asInvoker' uiAccess='false'" /manifest:embed /DEBUG /PDB:"D:\Elte_2\Grafika\Gyak\Beadandok\nagybead\Debug\02_LoadMesh.pdb" /SUBSYSTEM:CONSOLE /TLBID:1 /DYNAMICBASE /NXCOMPAT /IMPLIB:"D:\Elte_2\Grafika\Gyak\Beadandok\nagybead\Debug\02_LoadMesh.lib" /MACHINE:X86 Debug\Drawer.obj
         Debug\GLUtils.obj
         Debug\Labirint.obj
         Debug\main.obj
         Debug\Mesh_OGL3.obj
         Debug\MovableCharacter.obj
         Debug\MyApp.obj
         Debug\ObjParser_OGL3.obj
         Debug\TransformationManager.obj
         02_LoadMesh.vcxproj -> D:\Elte_2\Grafika\Gyak\Beadandok\nagybead\Debug\02_LoadMesh.exe
     1>Done Building Project "D:\Elte_2\Grafika\Gyak\Beadandok\nagybead\02_LoadMesh\02_LoadMesh.vcxproj" (Build target(s)).

Build succeeded.

Time Elapsed 00:00:03.36
